0 info it worked if it ends with ok
1 verbose cli [ '/Users/duivvv/.nvm/versions/node/v4.1.0/bin/node',
1 verbose cli   '/Users/duivvv/.nvm/versions/node/v4.1.0/bin/npm',
1 verbose cli   'run-script',
1 verbose cli   'production' ]
2 info using npm@3.3.3
3 info using node@v4.1.0
4 verbose stack Error: missing script: production
4 verbose stack     at run (/Users/duivvv/.nvm/versions/node/v4.1.0/lib/node_modules/npm/lib/run-script.js:148:19)
4 verbose stack     at /Users/duivvv/.nvm/versions/node/v4.1.0/lib/node_modules/npm/lib/run-script.js:58:5
4 verbose stack     at /Users/duivvv/.nvm/versions/node/v4.1.0/lib/node_modules/npm/node_modules/read-package-json/read-json.js:345:5
4 verbose stack     at checkBinReferences_ (/Users/duivvv/.nvm/versions/node/v4.1.0/lib/node_modules/npm/node_modules/read-package-json/read-json.js:309:45)
4 verbose stack     at final (/Users/duivvv/.nvm/versions/node/v4.1.0/lib/node_modules/npm/node_modules/read-package-json/read-json.js:343:3)
4 verbose stack     at then (/Users/duivvv/.nvm/versions/node/v4.1.0/lib/node_modules/npm/node_modules/read-package-json/read-json.js:113:5)
4 verbose stack     at /Users/duivvv/.nvm/versions/node/v4.1.0/lib/node_modules/npm/node_modules/read-package-json/read-json.js:300:12
4 verbose stack     at /Users/duivvv/.nvm/versions/node/v4.1.0/lib/node_modules/npm/node_modules/graceful-fs/graceful-fs.js:76:16
4 verbose stack     at FSReqWrap.readFileAfterClose [as oncomplete] (fs.js:380:3)
5 verbose cwd /Users/duivvv/Documents/dev/modules/generator-devine-project
6 error Darwin 14.4.0
7 error argv "/Users/duivvv/.nvm/versions/node/v4.1.0/bin/node" "/Users/duivvv/.nvm/versions/node/v4.1.0/bin/npm" "run-script" "production"
8 error node v4.1.0
9 error npm  v3.3.3
10 error missing script: production
11 error If you need help, you may report this error at:
11 error     <https://github.com/npm/npm/issues>
12 verbose exit [ 1, true ]
